{"C:\\Users\\Projects\\Desktop\\Skills\\Reactjs\\the-interviewer\\src\\App.js": {"path":"C:\\Users\\Projects\\Desktop\\Skills\\Reactjs\\the-interviewer\\src\\App.js","statementMap":{"0":{"start":{"line":7,"column":12},"end":{"line":53,"column":1}},"1":{"start":{"line":8,"column":26},"end":{"line":8,"column":45}},"2":{"start":{"line":9,"column":26},"end":{"line":9,"column":38}},"3":{"start":{"line":10,"column":30},"end":{"line":10,"column":42}},"4":{"start":{"line":13,"column":4},"end":{"line":13,"column":21}},"5":{"start":{"line":14,"column":4},"end":{"line":14,"column":21}},"6":{"start":{"line":18,"column":4},"end":{"line":18,"column":21}},"7":{"start":{"line":19,"column":4},"end":{"line":19,"column":24}},"8":{"start":{"line":24,"column":21},"end":{"line":24,"column":27}},"9":{"start":{"line":25,"column":4},"end":{"line":25,"column":45}},"10":{"start":{"line":26,"column":4},"end":{"line":26,"column":26}},"11":{"start":{"line":29,"column":2},"end":{"line":52,"column":4}}},"fnMap":{"0":{"name":"(anonymous_0)","decl":{"start":{"line":7,"column":12},"end":{"line":7,"column":13}},"loc":{"start":{"line":7,"column":18},"end":{"line":53,"column":1}},"line":7},"1":{"name":"handleChangePage","decl":{"start":{"line":12,"column":11},"end":{"line":12,"column":27}},"loc":{"start":{"line":12,"column":46},"end":{"line":15,"column":3}},"line":12},"2":{"name":"handleGoToNextQuiz","decl":{"start":{"line":17,"column":11},"end":{"line":17,"column":29}},"loc":{"start":{"line":17,"column":39},"end":{"line":20,"column":3}},"line":17},"3":{"name":"handleUpdateAnswer","decl":{"start":{"line":22,"column":11},"end":{"line":22,"column":29}},"loc":{"start":{"line":22,"column":39},"end":{"line":27,"column":3}},"line":22}},"branchMap":{"0":{"loc":{"start":{"line":34,"column":7},"end":{"line":34,"column":71}},"type":"binary-expr","locations":[{"start":{"line":34,"column":7},"end":{"line":34,"column":24}},{"start":{"line":34,"column":28},"end":{"line":34,"column":71}}],"line":34},"1":{"loc":{"start":{"line":35,"column":7},"end":{"line":37,"column":7}},"type":"binary-expr","locations":[{"start":{"line":35,"column":7},"end":{"line":35,"column":28}},{"start":{"line":36,"column":8},"end":{"line":36,"column":71}}],"line":35},"2":{"loc":{"start":{"line":38,"column":7},"end":{"line":46,"column":7}},"type":"binary-expr","locations":[{"start":{"line":38,"column":7},"end":{"line":38,"column":25}},{"start":{"line":39,"column":8},"end":{"line":45,"column":10}}],"line":38},"3":{"loc":{"start":{"line":47,"column":7},"end":{"line":49,"column":7}},"type":"binary-expr","locations":[{"start":{"line":47,"column":7},"end":{"line":47,"column":23}},{"start":{"line":48,"column":8},"end":{"line":48,"column":66}}],"line":47}},"s":{"0":0,"1":0,"2":0,"3":0,"4":0,"5":0,"6":0,"7":0,"8":0,"9":0,"10":0,"11":0},"f":{"0":0,"1":0,"2":0,"3":0},"b":{"0":[0,0],"1":[0,0],"2":[0,0],"3":[0,0]}}
,"C:\\Users\\Projects\\Desktop\\Skills\\Reactjs\\the-interviewer\\src\\helper.js": {"path":"C:\\Users\\Projects\\Desktop\\Skills\\Reactjs\\the-interviewer\\src\\helper.js","statementMap":{"0":{"start":{"line":1,"column":20},"end":{"line":5,"column":1}}},"fnMap":{},"branchMap":{},"s":{"0":0},"f":{},"b":{}}
,"C:\\Users\\Projects\\Desktop\\Skills\\Reactjs\\the-interviewer\\src\\index.js": {"path":"C:\\Users\\Projects\\Desktop\\Skills\\Reactjs\\the-interviewer\\src\\index.js","statementMap":{"0":{"start":{"line":6,"column":18},"end":{"line":6,"column":49}},"1":{"start":{"line":7,"column":13},"end":{"line":7,"column":34}},"2":{"start":{"line":8,"column":0},"end":{"line":8,"column":21}}},"fnMap":{},"branchMap":{},"s":{"0":0,"1":0,"2":0},"f":{},"b":{}}
,"C:\\Users\\Projects\\Desktop\\Skills\\Reactjs\\the-interviewer\\src\\Data\\javascriptQuestions.js": {"path":"C:\\Users\\Projects\\Desktop\\Skills\\Reactjs\\the-interviewer\\src\\Data\\javascriptQuestions.js","statementMap":{"0":{"start":{"line":1,"column":28},"end":{"line":123,"column":1}},"1":{"start":{"line":125,"column":23},"end":{"line":125,"column":43}}},"fnMap":{},"branchMap":{},"s":{"0":0,"1":0},"f":{},"b":{}}
,"C:\\Users\\Projects\\Desktop\\Skills\\Reactjs\\the-interviewer\\src\\Pages\\Instruction.js": {"path":"C:\\Users\\Projects\\Desktop\\Skills\\Reactjs\\the-interviewer\\src\\Pages\\Instruction.js","statementMap":{"0":{"start":{"line":5,"column":20},"end":{"line":46,"column":1}},"1":{"start":{"line":7,"column":18},"end":{"line":11,"column":3}},"2":{"start":{"line":15,"column":4},"end":{"line":15,"column":37}},"3":{"start":{"line":19,"column":26},"end":{"line":19,"column":48}},"4":{"start":{"line":20,"column":36},"end":{"line":20,"column":47}},"5":{"start":{"line":21,"column":21},"end":{"line":21,"column":25}},"6":{"start":{"line":22,"column":35},"end":{"line":22,"column":64}},"7":{"start":{"line":25,"column":16},"end":{"line":28,"column":16}},"8":{"start":{"line":26,"column":4},"end":{"line":26,"column":41}},"9":{"start":{"line":27,"column":4},"end":{"line":27,"column":32}},"10":{"start":{"line":31,"column":2},"end":{"line":33,"column":3}},"11":{"start":{"line":32,"column":4},"end":{"line":32,"column":24}},"12":{"start":{"line":35,"column":2},"end":{"line":45,"column":4}}},"fnMap":{"0":{"name":"(anonymous_0)","decl":{"start":{"line":5,"column":20},"end":{"line":5,"column":21}},"loc":{"start":{"line":5,"column":50},"end":{"line":46,"column":1}},"line":5},"1":{"name":"onStartClickHandle","decl":{"start":{"line":14,"column":11},"end":{"line":14,"column":29}},"loc":{"start":{"line":14,"column":37},"end":{"line":16,"column":3}},"line":14},"2":{"name":"(anonymous_2)","decl":{"start":{"line":25,"column":27},"end":{"line":25,"column":28}},"loc":{"start":{"line":25,"column":33},"end":{"line":28,"column":3}},"line":25}},"branchMap":{"0":{"loc":{"start":{"line":31,"column":2},"end":{"line":33,"column":3}},"type":"if","locations":[{"start":{"line":31,"column":2},"end":{"line":33,"column":3}},{"start":{},"end":{}}],"line":31},"1":{"loc":{"start":{"line":39,"column":7},"end":{"line":43,"column":7}},"type":"binary-expr","locations":[{"start":{"line":39,"column":7},"end":{"line":39,"column":31}},{"start":{"line":40,"column":8},"end":{"line":42,"column":11}}],"line":39}},"s":{"0":0,"1":0,"2":0,"3":0,"4":0,"5":0,"6":0,"7":0,"8":0,"9":0,"10":0,"11":0,"12":0},"f":{"0":0,"1":0,"2":0},"b":{"0":[0,0],"1":[0,0]}}
,"C:\\Users\\Projects\\Desktop\\Skills\\Reactjs\\the-interviewer\\src\\Pages\\Question.js": {"path":"C:\\Users\\Projects\\Desktop\\Skills\\Reactjs\\the-interviewer\\src\\Pages\\Question.js","statementMap":{"0":{"start":{"line":5,"column":17},"end":{"line":97,"column":1}},"1":{"start":{"line":11,"column":15},"end":{"line":11,"column":50}},"2":{"start":{"line":12,"column":21},"end":{"line":12,"column":32}},"3":{"start":{"line":13,"column":23},"end":{"line":13,"column":37}},"4":{"start":{"line":14,"column":30},"end":{"line":14,"column":71}},"5":{"start":{"line":15,"column":21},"end":{"line":15,"column":25}},"6":{"start":{"line":17,"column":28},"end":{"line":17,"column":40}},"7":{"start":{"line":18,"column":30},"end":{"line":18,"column":42}},"8":{"start":{"line":21,"column":2},"end":{"line":27,"column":17}},"9":{"start":{"line":22,"column":4},"end":{"line":26,"column":5}},"10":{"start":{"line":23,"column":6},"end":{"line":23,"column":25}},"11":{"start":{"line":25,"column":6},"end":{"line":25,"column":26}},"12":{"start":{"line":30,"column":4},"end":{"line":30,"column":34}},"13":{"start":{"line":34,"column":4},"end":{"line":34,"column":27}},"14":{"start":{"line":35,"column":4},"end":{"line":35,"column":23}},"15":{"start":{"line":40,"column":4},"end":{"line":40,"column":27}},"16":{"start":{"line":42,"column":4},"end":{"line":48,"column":5}},"17":{"start":{"line":44,"column":6},"end":{"line":44,"column":50}},"18":{"start":{"line":47,"column":6},"end":{"line":47,"column":29}},"19":{"start":{"line":53,"column":4},"end":{"line":56,"column":7}},"20":{"start":{"line":60,"column":4},"end":{"line":64,"column":5}},"21":{"start":{"line":61,"column":6},"end":{"line":61,"column":23}},"22":{"start":{"line":63,"column":6},"end":{"line":63,"column":21}},"23":{"start":{"line":69,"column":2},"end":{"line":96,"column":4}},"24":{"start":{"line":79,"column":10},"end":{"line":90,"column":16}}},"fnMap":{"0":{"name":"(anonymous_0)","decl":{"start":{"line":5,"column":17},"end":{"line":5,"column":18}},"loc":{"start":{"line":10,"column":6},"end":{"line":97,"column":1}},"line":10},"1":{"name":"(anonymous_1)","decl":{"start":{"line":21,"column":13},"end":{"line":21,"column":14}},"loc":{"start":{"line":21,"column":19},"end":{"line":27,"column":3}},"line":21},"2":{"name":"handleAnswerChoice","decl":{"start":{"line":29,"column":11},"end":{"line":29,"column":29}},"loc":{"start":{"line":29,"column":37},"end":{"line":31,"column":3}},"line":29},"3":{"name":"handleNextButton","decl":{"start":{"line":33,"column":11},"end":{"line":33,"column":27}},"loc":{"start":{"line":33,"column":35},"end":{"line":36,"column":3}},"line":33},"4":{"name":"nextQuizOrResult","decl":{"start":{"line":38,"column":11},"end":{"line":38,"column":27}},"loc":{"start":{"line":38,"column":30},"end":{"line":49,"column":3}},"line":38},"5":{"name":"UpdateMyAnswerChoice","decl":{"start":{"line":52,"column":11},"end":{"line":52,"column":31}},"loc":{"start":{"line":52,"column":34},"end":{"line":57,"column":3}},"line":52},"6":{"name":"Mark","decl":{"start":{"line":59,"column":11},"end":{"line":59,"column":15}},"loc":{"start":{"line":59,"column":26},"end":{"line":65,"column":3}},"line":59},"7":{"name":"(anonymous_7)","decl":{"start":{"line":78,"column":21},"end":{"line":78,"column":22}},"loc":{"start":{"line":79,"column":10},"end":{"line":90,"column":16}},"line":79}},"branchMap":{"0":{"loc":{"start":{"line":22,"column":4},"end":{"line":26,"column":5}},"type":"if","locations":[{"start":{"line":22,"column":4},"end":{"line":26,"column":5}},{"start":{"line":24,"column":11},"end":{"line":26,"column":5}}],"line":22},"1":{"loc":{"start":{"line":42,"column":4},"end":{"line":48,"column":5}},"type":"if","locations":[{"start":{"line":42,"column":4},"end":{"line":48,"column":5}},{"start":{"line":45,"column":11},"end":{"line":48,"column":5}}],"line":42},"2":{"loc":{"start":{"line":60,"column":4},"end":{"line":64,"column":5}},"type":"if","locations":[{"start":{"line":60,"column":4},"end":{"line":64,"column":5}},{"start":{"line":62,"column":11},"end":{"line":64,"column":5}}],"line":60}},"s":{"0":0,"1":0,"2":0,"3":0,"4":0,"5":0,"6":0,"7":0,"8":0,"9":0,"10":0,"11":0,"12":0,"13":0,"14":0,"15":0,"16":0,"17":0,"18":0,"19":0,"20":0,"21":0,"22":0,"23":0,"24":0},"f":{"0":0,"1":0,"2":0,"3":0,"4":0,"5":0,"6":0,"7":0},"b":{"0":[0,0],"1":[0,0],"2":[0,0]}}
,"C:\\Users\\Projects\\Desktop\\Skills\\Reactjs\\the-interviewer\\src\\Pages\\Result.js": {"path":"C:\\Users\\Projects\\Desktop\\Skills\\Reactjs\\the-interviewer\\src\\Pages\\Result.js","statementMap":{"0":{"start":{"line":5,"column":15},"end":{"line":49,"column":1}},"1":{"start":{"line":7,"column":18},"end":{"line":10,"column":3}},"2":{"start":{"line":14,"column":4},"end":{"line":14,"column":32}},"3":{"start":{"line":18,"column":4},"end":{"line":18,"column":77}},"4":{"start":{"line":18,"column":35},"end":{"line":18,"column":49}},"5":{"start":{"line":22,"column":26},"end":{"line":22,"column":48}},"6":{"start":{"line":23,"column":36},"end":{"line":23,"column":47}},"7":{"start":{"line":24,"column":21},"end":{"line":24,"column":25}},"8":{"start":{"line":25,"column":35},"end":{"line":25,"column":64}},"9":{"start":{"line":28,"column":16},"end":{"line":31,"column":16}},"10":{"start":{"line":29,"column":4},"end":{"line":29,"column":41}},"11":{"start":{"line":30,"column":4},"end":{"line":30,"column":32}},"12":{"start":{"line":34,"column":2},"end":{"line":36,"column":3}},"13":{"start":{"line":35,"column":4},"end":{"line":35,"column":24}},"14":{"start":{"line":38,"column":2},"end":{"line":48,"column":4}}},"fnMap":{"0":{"name":"(anonymous_0)","decl":{"start":{"line":5,"column":15},"end":{"line":5,"column":16}},"loc":{"start":{"line":5,"column":45},"end":{"line":49,"column":1}},"line":5},"1":{"name":"handleRestart","decl":{"start":{"line":13,"column":11},"end":{"line":13,"column":24}},"loc":{"start":{"line":13,"column":32},"end":{"line":15,"column":3}},"line":13},"2":{"name":"getScore","decl":{"start":{"line":17,"column":11},"end":{"line":17,"column":19}},"loc":{"start":{"line":17,"column":22},"end":{"line":19,"column":3}},"line":17},"3":{"name":"(anonymous_3)","decl":{"start":{"line":18,"column":28},"end":{"line":18,"column":29}},"loc":{"start":{"line":18,"column":35},"end":{"line":18,"column":49}},"line":18},"4":{"name":"(anonymous_4)","decl":{"start":{"line":28,"column":27},"end":{"line":28,"column":28}},"loc":{"start":{"line":28,"column":33},"end":{"line":31,"column":3}},"line":28}},"branchMap":{"0":{"loc":{"start":{"line":34,"column":2},"end":{"line":36,"column":3}},"type":"if","locations":[{"start":{"line":34,"column":2},"end":{"line":36,"column":3}},{"start":{},"end":{}}],"line":34},"1":{"loc":{"start":{"line":42,"column":7},"end":{"line":46,"column":7}},"type":"binary-expr","locations":[{"start":{"line":42,"column":7},"end":{"line":42,"column":31}},{"start":{"line":43,"column":8},"end":{"line":45,"column":11}}],"line":42}},"s":{"0":0,"1":0,"2":0,"3":0,"4":0,"5":0,"6":0,"7":0,"8":0,"9":0,"10":0,"11":0,"12":0,"13":0,"14":0},"f":{"0":0,"1":0,"2":0,"3":0,"4":0},"b":{"0":[0,0],"1":[0,0]}}
,"C:\\Users\\Projects\\Desktop\\Skills\\Reactjs\\the-interviewer\\src\\Pages\\Welcome.js": {"path":"C:\\Users\\Projects\\Desktop\\Skills\\Reactjs\\the-interviewer\\src\\Pages\\Welcome.js","statementMap":{"0":{"start":{"line":5,"column":16},"end":{"line":52,"column":1}},"1":{"start":{"line":7,"column":18},"end":{"line":11,"column":3}},"2":{"start":{"line":15,"column":4},"end":{"line":17,"column":5}},"3":{"start":{"line":16,"column":6},"end":{"line":16,"column":64}},"4":{"start":{"line":21,"column":26},"end":{"line":21,"column":48}},"5":{"start":{"line":22,"column":36},"end":{"line":22,"column":47}},"6":{"start":{"line":23,"column":21},"end":{"line":23,"column":25}},"7":{"start":{"line":24,"column":35},"end":{"line":24,"column":64}},"8":{"start":{"line":27,"column":16},"end":{"line":30,"column":16}},"9":{"start":{"line":28,"column":4},"end":{"line":28,"column":41}},"10":{"start":{"line":29,"column":4},"end":{"line":29,"column":32}},"11":{"start":{"line":33,"column":2},"end":{"line":35,"column":3}},"12":{"start":{"line":34,"column":4},"end":{"line":34,"column":24}},"13":{"start":{"line":37,"column":2},"end":{"line":51,"column":4}}},"fnMap":{"0":{"name":"(anonymous_0)","decl":{"start":{"line":5,"column":16},"end":{"line":5,"column":17}},"loc":{"start":{"line":5,"column":38},"end":{"line":52,"column":1}},"line":5},"1":{"name":"onEnterKeyHandle","decl":{"start":{"line":14,"column":11},"end":{"line":14,"column":27}},"loc":{"start":{"line":14,"column":35},"end":{"line":18,"column":3}},"line":14},"2":{"name":"(anonymous_2)","decl":{"start":{"line":27,"column":27},"end":{"line":27,"column":28}},"loc":{"start":{"line":27,"column":33},"end":{"line":30,"column":3}},"line":27}},"branchMap":{"0":{"loc":{"start":{"line":15,"column":4},"end":{"line":17,"column":5}},"type":"if","locations":[{"start":{"line":15,"column":4},"end":{"line":17,"column":5}},{"start":{},"end":{}}],"line":15},"1":{"loc":{"start":{"line":33,"column":2},"end":{"line":35,"column":3}},"type":"if","locations":[{"start":{"line":33,"column":2},"end":{"line":35,"column":3}},{"start":{},"end":{}}],"line":33},"2":{"loc":{"start":{"line":40,"column":7},"end":{"line":49,"column":7}},"type":"binary-expr","locations":[{"start":{"line":40,"column":7},"end":{"line":40,"column":31}},{"start":{"line":41,"column":8},"end":{"line":48,"column":11}}],"line":40}},"s":{"0":0,"1":0,"2":0,"3":0,"4":0,"5":0,"6":0,"7":0,"8":0,"9":0,"10":0,"11":0,"12":0,"13":0},"f":{"0":0,"1":0,"2":0},"b":{"0":[0,0],"1":[0,0],"2":[0,0]}}
}
