TN:
SF:src\App.js
FN:7,(anonymous_0)
FN:12,handleChangePage
FN:17,handleGoToNextQuiz
FN:22,handleUpdateAnswer
FNF:4
FNH:0
FNDA:0,(anonymous_0)
FNDA:0,handleChangePage
FNDA:0,handleGoToNextQuiz
FNDA:0,handleUpdateAnswer
DA:7,0
DA:8,0
DA:9,0
DA:10,0
DA:13,0
DA:14,0
DA:18,0
DA:19,0
DA:24,0
DA:25,0
DA:26,0
DA:29,0
LF:12
LH:0
BRDA:34,0,0,0
BRDA:34,0,1,0
BRDA:35,1,0,0
BRDA:35,1,1,0
BRDA:38,2,0,0
BRDA:38,2,1,0
BRDA:47,3,0,0
BRDA:47,3,1,0
BRF:8
BRH:0
end_of_record
TN:
SF:src\helper.js
FNF:0
FNH:0
DA:1,0
LF:1
LH:0
BRF:0
BRH:0
end_of_record
TN:
SF:src\index.js
FNF:0
FNH:0
DA:6,0
DA:7,0
DA:8,0
LF:3
LH:0
BRF:0
BRH:0
end_of_record
TN:
SF:src\Data\javascriptQuestions.js
FNF:0
FNH:0
DA:1,0
DA:125,0
LF:2
LH:0
BRF:0
BRH:0
end_of_record
TN:
SF:src\Pages\Instruction.js
FN:5,(anonymous_0)
FN:14,onStartClickHandle
FN:25,(anonymous_2)
FNF:3
FNH:0
FNDA:0,(anonymous_0)
FNDA:0,onStartClickHandle
FNDA:0,(anonymous_2)
DA:5,0
DA:7,0
DA:15,0
DA:19,0
DA:20,0
DA:21,0
DA:22,0
DA:25,0
DA:26,0
DA:27,0
DA:31,0
DA:32,0
DA:35,0
LF:13
LH:0
BRDA:31,0,0,0
BRDA:31,0,1,0
BRDA:39,1,0,0
BRDA:39,1,1,0
BRF:4
BRH:0
end_of_record
TN:
SF:src\Pages\Question.js
FN:5,(anonymous_0)
FN:21,(anonymous_1)
FN:29,handleAnswerChoice
FN:33,handleNextButton
FN:38,nextQuizOrResult
FN:52,UpdateMyAnswerChoice
FN:59,Mark
FN:78,(anonymous_7)
FNF:8
FNH:0
FNDA:0,(anonymous_0)
FNDA:0,(anonymous_1)
FNDA:0,handleAnswerChoice
FNDA:0,handleNextButton
FNDA:0,nextQuizOrResult
FNDA:0,UpdateMyAnswerChoice
FNDA:0,Mark
FNDA:0,(anonymous_7)
DA:5,0
DA:11,0
DA:12,0
DA:13,0
DA:14,0
DA:15,0
DA:17,0
DA:18,0
DA:21,0
DA:22,0
DA:23,0
DA:25,0
DA:30,0
DA:34,0
DA:35,0
DA:40,0
DA:42,0
DA:44,0
DA:47,0
DA:53,0
DA:60,0
DA:61,0
DA:63,0
DA:69,0
DA:79,0
LF:25
LH:0
BRDA:22,0,0,0
BRDA:22,0,1,0
BRDA:42,1,0,0
BRDA:42,1,1,0
BRDA:60,2,0,0
BRDA:60,2,1,0
BRF:6
BRH:0
end_of_record
TN:
SF:src\Pages\Result.js
FN:5,(anonymous_0)
FN:13,handleRestart
FN:17,getScore
FN:18,(anonymous_3)
FN:28,(anonymous_4)
FNF:5
FNH:0
FNDA:0,(anonymous_0)
FNDA:0,handleRestart
FNDA:0,getScore
FNDA:0,(anonymous_3)
FNDA:0,(anonymous_4)
DA:5,0
DA:7,0
DA:14,0
DA:18,0
DA:22,0
DA:23,0
DA:24,0
DA:25,0
DA:28,0
DA:29,0
DA:30,0
DA:34,0
DA:35,0
DA:38,0
LF:14
LH:0
BRDA:34,0,0,0
BRDA:34,0,1,0
BRDA:42,1,0,0
BRDA:42,1,1,0
BRF:4
BRH:0
end_of_record
TN:
SF:src\Pages\Welcome.js
FN:5,(anonymous_0)
FN:14,onEnterKeyHandle
FN:27,(anonymous_2)
FNF:3
FNH:0
FNDA:0,(anonymous_0)
FNDA:0,onEnterKeyHandle
FNDA:0,(anonymous_2)
DA:5,0
DA:7,0
DA:15,0
DA:16,0
DA:21,0
DA:22,0
DA:23,0
DA:24,0
DA:27,0
DA:28,0
DA:29,0
DA:33,0
DA:34,0
DA:37,0
LF:14
LH:0
BRDA:15,0,0,0
BRDA:15,0,1,0
BRDA:33,1,0,0
BRDA:33,1,1,0
BRDA:40,2,0,0
BRDA:40,2,1,0
BRF:6
BRH:0
end_of_record
